Total messages: 121 (Errors: 10, Warnings: 0)
Returning 57 messages for level "info"

[LOG] %c %c %c %c %c Phaser v3.90.0 (WebGL | Web Audio) %c https://phaser.io/v390 background: #ff0000 background: #ffff00 background: #00ff00 background: #00ffff color: #ffffff; background: #000000 background: transparent @ http://localhost:5181/tarron/dwarfstead/node_modules/.vite/deps/phaser.js?v=964b499d:8456
[ERROR] Failed to load resource: the server responded with a status of 404 (Not Found) @ http://localhost:5181/favicon.ico:0
[LOG] %c %c %c %c %c Phaser v3.90.0 (WebGL | Web Audio) %c https://phaser.io/v390 background: #ff0000 background: #ffff00 background: #00ff00 background: #00ffff color: #ffffff; background: #000000 background: transparent @ http://localhost:5181/tarron/dwarfstead/node_modules/.vite/deps/phaser.js?v=964b499d:8456
[LOG] %c %c %c %c %c Phaser v3.90.0 (WebGL | Web Audio) %c https://phaser.io/v390 background: #ff0000 background: #ffff00 background: #00ff00 background: #00ffff color: #ffffff; background: #000000 background: transparent @ http://localhost:5181/tarron/dwarfstead/node_modules/.vite/deps/phaser.js?v=964b499d:8456
[LOG] %c %c %c %c %c Phaser v3.90.0 (WebGL | Web Audio) %c https://phaser.io/v390 background: #ff0000 background: #ffff00 background: #00ff00 background: #00ffff color: #ffffff; background: #000000 background: transparent @ http://localhost:5181/tarron/dwarfstead/node_modules/.vite/deps/phaser.js?v=964b499d:8456
[LOG] %c %c %c %c %c Phaser v3.90.0 (WebGL | Web Audio) %c https://phaser.io/v390 background: #ff0000 background: #ffff00 background: #00ff00 background: #00ffff color: #ffffff; background: #000000 background: transparent @ http://localhost:5181/tarron/dwarfstead/node_modules/.vite/deps/phaser.js?v=964b499d:8456
[LOG] %c %c %c %c %c Phaser v3.90.0 (WebGL | Web Audio) %c https://phaser.io/v390 background: #ff0000 background: #ffff00 background: #00ff00 background: #00ffff color: #ffffff; background: #000000 background: transparent @ http://localhost:5181/tarron/dwarfstead/node_modules/.vite/deps/phaser.js?v=964b499d:8456
[LOG] %c %c %c %c %c Phaser v3.90.0 (WebGL | Web Audio) %c https://phaser.io/v390 background: #ff0000 background: #ffff00 background: #00ff00 background: #00ffff color: #ffffff; background: #000000 background: transparent @ http://localhost:5181/tarron/dwarfstead/node_modules/.vite/deps/phaser.js?v=964b499d:8456
[LOG] %c %c %c %c %c Phaser v3.90.0 (WebGL | Web Audio) %c https://phaser.io/v390 background: #ff0000 background: #ffff00 background: #00ff00 background: #00ffff color: #ffffff; background: #000000 background: transparent @ http://localhost:5181/tarron/dwarfstead/node_modules/.vite/deps/phaser.js?v=964b499d:8456
[LOG] %c %c %c %c %c Phaser v3.90.0 (WebGL | Web Audio) %c https://phaser.io/v390 background: #ff0000 background: #ffff00 background: #00ff00 background: #00ffff color: #ffffff; background: #000000 background: transparent @ http://localhost:5181/tarron/dwarfstead/node_modules/.vite/deps/phaser.js?v=964b499d:8456
[LOG] %c %c %c %c %c Phaser v3.90.0 (WebGL | Web Audio) %c https://phaser.io/v390 background: #ff0000 background: #ffff00 background: #00ff00 background: #00ffff color: #ffffff; background: #000000 background: transparent @ http://localhost:5181/tarron/dwarfstead/node_modules/.vite/deps/phaser.js?v=964b499d:8456
[LOG] %c %c %c %c %c Phaser v3.90.0 (WebGL | Web Audio) %c https://phaser.io/v390 background: #ff0000 background: #ffff00 background: #00ff00 background: #00ffff color: #ffffff; background: #000000 background: transparent @ http://localhost:5181/tarron/dwarfstead/node_modules/.vite/deps/phaser.js?v=964b499d:8456
[LOG] %c %c %c %c %c Phaser v3.90.0 (WebGL | Web Audio) %c https://phaser.io/v390 background: #ff0000 background: #ffff00 background: #00ff00 background: #00ffff color: #ffffff; background: #000000 background: transparent @ http://localhost:5181/tarron/dwarfstead/node_modules/.vite/deps/phaser.js?v=964b499d:8456
[LOG] %c %c %c %c %c Phaser v3.90.0 (WebGL | Web Audio) %c https://phaser.io/v390 background: #ff0000 background: #ffff00 background: #00ff00 background: #00ffff color: #ffffff; background: #000000 background: transparent @ http://localhost:5181/tarron/dwarfstead/node_modules/.vite/deps/phaser.js?v=964b499d:8456
[LOG] %c %c %c %c %c Phaser v3.90.0 (WebGL | Web Audio) %c https://phaser.io/v390 background: #ff0000 background: #ffff00 background: #00ff00 background: #00ffff color: #ffffff; background: #000000 background: transparent @ http://localhost:5181/tarron/dwarfstead/node_modules/.vite/deps/phaser.js?v=964b499d:8456
[LOG] %c %c %c %c %c Phaser v3.90.0 (WebGL | Web Audio) %c https://phaser.io/v390 background: #ff0000 background: #ffff00 background: #00ff00 background: #00ffff color: #ffffff; background: #000000 background: transparent @ http://localhost:5181/tarron/dwarfstead/node_modules/.vite/deps/phaser.js?v=964b499d:8456
[LOG] %c %c %c %c %c Phaser v3.90.0 (WebGL | Web Audio) %c https://phaser.io/v390 background: #ff0000 background: #ffff00 background: #00ff00 background: #00ffff color: #ffffff; background: #000000 background: transparent @ http://localhost:5181/tarron/dwarfstead/node_modules/.vite/deps/phaser.js?v=964b499d:8456
[LOG] %c %c %c %c %c Phaser v3.90.0 (WebGL | Web Audio) %c https://phaser.io/v390 background: #ff0000 background: #ffff00 background: #00ff00 background: #00ffff color: #ffffff; background: #000000 background: transparent @ http://localhost:5181/tarron/dwarfstead/node_modules/.vite/deps/phaser.js?v=964b499d:8456
[LOG] %c %c %c %c %c Phaser v3.90.0 (WebGL | Web Audio) %c https://phaser.io/v390 background: #ff0000 background: #ffff00 background: #00ff00 background: #00ffff color: #ffffff; background: #000000 background: transparent @ http://localhost:5181/tarron/dwarfstead/node_modules/.vite/deps/phaser.js?v=964b499d:8456
[LOG] %c %c %c %c %c Phaser v3.90.0 (WebGL | Web Audio) %c https://phaser.io/v390 background: #ff0000 background: #ffff00 background: #00ff00 background: #00ffff color: #ffffff; background: #000000 background: transparent @ http://localhost:5181/tarron/dwarfstead/node_modules/.vite/deps/phaser.js?v=964b499d:8456
[LOG] %c %c %c %c %c Phaser v3.90.0 (WebGL | Web Audio) %c https://phaser.io/v390 background: #ff0000 background: #ffff00 background: #00ff00 background: #00ffff color: #ffffff; background: #000000 background: transparent @ http://localhost:5181/tarron/dwarfstead/node_modules/.vite/deps/phaser.js?v=964b499d:8456
[LOG] %c %c %c %c %c Phaser v3.90.0 (WebGL | Web Audio) %c https://phaser.io/v390 background: #ff0000 background: #ffff00 background: #00ff00 background: #00ffff color: #ffffff; background: #000000 background: transparent @ http://localhost:5181/tarron/dwarfstead/node_modules/.vite/deps/phaser.js?v=964b499d:8456
[LOG] %c %c %c %c %c Phaser v3.90.0 (WebGL | Web Audio) %c https://phaser.io/v390 background: #ff0000 background: #ffff00 background: #00ff00 background: #00ffff color: #ffffff; background: #000000 background: transparent @ http://localhost:5181/tarron/dwarfstead/node_modules/.vite/deps/phaser.js?v=964b499d:8456
[LOG] %c %c %c %c %c Phaser v3.90.0 (WebGL | Web Audio) %c https://phaser.io/v390 background: #ff0000 background: #ffff00 background: #00ff00 background: #00ffff color: #ffffff; background: #000000 background: transparent @ http://localhost:5181/tarron/dwarfstead/node_modules/.vite/deps/phaser.js?v=964b499d:8456
[LOG] [vite] server connection lost. Polling for restart... @ http://localhost:5181/tarron/dwarfstead/@vite/client:963
[ERROR] WebSocket connection to 'ws://localhost:5181/tarron/dwarfstead/' failed: Error in connection establishment: net::ERR_CONNECTION_REFUSED @ http://localhost:5181/tarron/dwarfstead/@vite/client:1034
[ERROR] WebSocket connection to 'ws://localhost:5181/tarron/dwarfstead/' failed: Error in connection establishment: net::ERR_CONNECTION_REFUSED @ http://localhost:5181/tarron/dwarfstead/@vite/client:1034
[ERROR] WebSocket connection to 'ws://localhost:5181/tarron/dwarfstead/' failed: Error in connection establishment: net::ERR_CONNECTION_REFUSED @ http://localhost:5181/tarron/dwarfstead/@vite/client:1034
[ERROR] WebSocket connection to 'ws://localhost:5181/tarron/dwarfstead/' failed: Error in connection establishment: net::ERR_CONNECTION_REFUSED @ http://localhost:5181/tarron/dwarfstead/@vite/client:1034
[LOG] %c %c %c %c %c Phaser v3.90.0 (WebGL | Web Audio) %c https://phaser.io/v390 background: #ff0000 background: #ffff00 background: #00ff00 background: #00ffff color: #ffffff; background: #000000 background: transparent @ http://localhost:5181/tarron/dwarfstead/node_modules/.vite/deps/phaser.js?v=964b499d:8456
[LOG] %c %c %c %c %c Phaser v3.90.0 (WebGL | Web Audio) %c https://phaser.io/v390 background: #ff0000 background: #ffff00 background: #00ff00 background: #00ffff color: #ffffff; background: #000000 background: transparent @ http://localhost:5181/tarron/dwarfstead/node_modules/.vite/deps/phaser.js?v=964b499d:8456
[LOG] %c %c %c %c %c Phaser v3.90.0 (WebGL | Web Audio) %c https://phaser.io/v390 background: #ff0000 background: #ffff00 background: #00ff00 background: #00ffff color: #ffffff; background: #000000 background: transparent @ http://localhost:5181/tarron/dwarfstead/node_modules/.vite/deps/phaser.js?v=964b499d:8456
[LOG] %c %c %c %c %c Phaser v3.90.0 (WebGL | Web Audio) %c https://phaser.io/v390 background: #ff0000 background: #ffff00 background: #00ff00 background: #00ffff color: #ffffff; background: #000000 background: transparent @ http://localhost:5181/tarron/dwarfstead/node_modules/.vite/deps/phaser.js?v=964b499d:8456
[LOG] %c %c %c %c %c Phaser v3.90.0 (WebGL | Web Audio) %c https://phaser.io/v390 background: #ff0000 background: #ffff00 background: #00ff00 background: #00ffff color: #ffffff; background: #000000 background: transparent @ http://localhost:5181/tarron/dwarfstead/node_modules/.vite/deps/phaser.js?v=964b499d:8456
[LOG] %c %c %c %c %c Phaser v3.90.0 (WebGL | Web Audio) %c https://phaser.io/v390 background: #ff0000 background: #ffff00 background: #00ff00 background: #00ffff color: #ffffff; background: #000000 background: transparent @ http://localhost:5181/tarron/dwarfstead/node_modules/.vite/deps/phaser.js?v=964b499d:8456
[LOG] %c %c %c %c %c Phaser v3.90.0 (WebGL | Web Audio) %c https://phaser.io/v390 background: #ff0000 background: #ffff00 background: #00ff00 background: #00ffff color: #ffffff; background: #000000 background: transparent @ http://localhost:5181/tarron/dwarfstead/node_modules/.vite/deps/phaser.js?v=964b499d:8456
[LOG] %c %c %c %c %c Phaser v3.90.0 (WebGL | Web Audio) %c https://phaser.io/v390 background: #ff0000 background: #ffff00 background: #00ff00 background: #00ffff color: #ffffff; background: #000000 background: transparent @ http://localhost:5181/tarron/dwarfstead/node_modules/.vite/deps/phaser.js?v=964b499d:8456
[LOG] %c %c %c %c %c Phaser v3.90.0 (WebGL | Web Audio) %c https://phaser.io/v390 background: #ff0000 background: #ffff00 background: #00ff00 background: #00ffff color: #ffffff; background: #000000 background: transparent @ http://localhost:5181/tarron/dwarfstead/node_modules/.vite/deps/phaser.js?v=964b499d:8456
[LOG] CHIP @(4,3) TL=false TR=false BL=true BR=false fills= {"tl":null,"tr":null,"bl":null,"br":null} @ http://localhost:5181/tarron/dwarfstead/src/renderer/draw/water.ts?t=1774838281209:82
[LOG] CHIP @(10,3) TL=false TR=false BL=false BR=true fills= {"tl":null,"tr":null,"bl":null,"br":null} @ http://localhost:5181/tarron/dwarfstead/src/renderer/draw/water.ts?t=1774838281209:82
[LOG] CHIP @(17,3) TL=false TR=false BL=true BR=false fills= {"tl":null,"tr":null,"bl":null,"br":null} @ http://localhost:5181/tarron/dwarfstead/src/renderer/draw/water.ts?t=1774838281209:82
[LOG] CHIP @(5,5) TL=false TR=true BL=false BR=false fills= {"tl":null,"tr":2254540,"bl":null,"br":null} @ http://localhost:5181/tarron/dwarfstead/src/renderer/draw/water.ts?t=1774838281209:82
[LOG] CHIP @(7,5) TL=true TR=false BL=false BR=false fills= {"tl":2254540,"tr":null,"bl":null,"br":null} @ http://localhost:5181/tarron/dwarfstead/src/renderer/draw/water.ts?t=1774838281209:82
[LOG] CHIP @(18,5) TL=false TR=true BL=false BR=false fills= {"tl":null,"tr":2254540,"bl":null,"br":null} @ http://localhost:5181/tarron/dwarfstead/src/renderer/draw/water.ts?t=1774838281209:82
[LOG] CHIP @(20,5) TL=true TR=false BL=false BR=false fills= {"tl":2254540,"tr":null,"bl":null,"br":null} @ http://localhost:5181/tarron/dwarfstead/src/renderer/draw/water.ts?t=1774838281209:82
[LOG] CHIP @(5,6) TL=false TR=false BL=false BR=true fills= {"tl":null,"tr":null,"bl":null,"br":2254540} @ http://localhost:5181/tarron/dwarfstead/src/renderer/draw/water.ts?t=1774838281209:82
[LOG] CHIP @(7,6) TL=false TR=false BL=true BR=false fills= {"tl":null,"tr":null,"bl":2254540,"br":null} @ http://localhost:5181/tarron/dwarfstead/src/renderer/draw/water.ts?t=1774838281209:82
[LOG] CHIP @(18,6) TL=false TR=false BL=false BR=true fills= {"tl":null,"tr":null,"bl":null,"br":2254540} @ http://localhost:5181/tarron/dwarfstead/src/renderer/draw/water.ts?t=1774838281209:82
[LOG] CHIP @(20,6) TL=false TR=false BL=true BR=false fills= {"tl":null,"tr":null,"bl":2254540,"br":null} @ http://localhost:5181/tarron/dwarfstead/src/renderer/draw/water.ts?t=1774838281209:82
[LOG] CHIP @(21,8) TL=false TR=false BL=true BR=false fills= {"tl":null,"tr":null,"bl":2254540,"br":null} @ http://localhost:5181/tarron/dwarfstead/src/renderer/draw/water.ts?t=1774838281209:82
[LOG] CHIP @(22,10) TL=false TR=true BL=false BR=false fills= {"tl":null,"tr":2254540,"bl":null,"br":null} @ http://localhost:5181/tarron/dwarfstead/src/renderer/draw/water.ts?t=1774838281209:82
[LOG] CHIP @(22,12) TL=false TR=false BL=false BR=true fills= {"tl":null,"tr":null,"bl":null,"br":2254540} @ http://localhost:5181/tarron/dwarfstead/src/renderer/draw/water.ts?t=1774838281209:82
TypeError: labels.removeAll is not a function
    at drawWaterDebug (http://localhost:5181/tarron/dwarfstead/src/renderer/draw/waterDebug.ts?t=1774837791205:12:10)
    at WaterTestScene.redraw (http://localhost:5181/tarron/dwarfstead/src/renderer/scenes/WaterTestScene.ts?t=1774837791205:279:5)
    at WaterTestScene.create (http://localhost:5181/tarron/dwarfstead/src/renderer/scenes/WaterTestScene.ts?t=1774837791205:137:10)
    at SceneManager2.create (http://localhost:5181/tarron/dwarfstead/node_modules/.vite/deps/phaser.js?v=964b499d:110814:36)
    at SceneManager2.bootScene (http://localhost:5181/tarron/dwarfstead/node_modules/.vite/deps/phaser.js?v=964b499d:110730:28)
    at SceneManager2.start (http://localhost:5181/tarron/dwarfstead/node_modules/.vite/deps/phaser.js?v=964b499d:111272:26)
    at SceneManager2.processQueue (http://localhost:5181/tarron/dwarfstead/node_modules/.vite/deps/phaser.js?v=964b499d:110591:37)
    at SceneManager2.update (http://localhost:5181/tarron/dwarfstead/node_modules/.vite/deps/phaser.js?v=964b499d:110769:26)
    at Game2.step (http://localhost:5181/tarron/dwarfstead/node_modules/.vite/deps/phaser.js?v=964b499d:8625:32)
    at TimeStep2.step (http://localhost:5181/tarron/dwarfstead/node_modules/.vite/deps/phaser.js?v=964b499d:9079:26)
TypeError: labels.removeAll is not a function
    at drawWaterDebug (http://localhost:5181/tarron/dwarfstead/src/renderer/draw/waterDebug.ts?t=1774837791205:12:10)
    at WaterTestScene.redraw (http://localhost:5181/tarron/dwarfstead/src/renderer/scenes/WaterTestScene.ts?t=1774837799313:279:5)
    at WaterTestScene.create (http://localhost:5181/tarron/dwarfstead/src/renderer/scenes/WaterTestScene.ts?t=1774837799313:137:10)
    at SceneManager2.create (http://localhost:5181/tarron/dwarfstead/node_modules/.vite/deps/phaser.js?v=964b499d:110814:36)
    at SceneManager2.bootScene (http://localhost:5181/tarron/dwarfstead/node_modules/.vite/deps/phaser.js?v=964b499d:110730:28)
    at SceneManager2.start (http://localhost:5181/tarron/dwarfstead/node_modules/.vite/deps/phaser.js?v=964b499d:111272:26)
    at SceneManager2.processQueue (http://localhost:5181/tarron/dwarfstead/node_modules/.vite/deps/phaser.js?v=964b499d:110591:37)
    at SceneManager2.update (http://localhost:5181/tarron/dwarfstead/node_modules/.vite/deps/phaser.js?v=964b499d:110769:26)
    at Game2.step (http://localhost:5181/tarron/dwarfstead/node_modules/.vite/deps/phaser.js?v=964b499d:8625:32)
    at TimeStep2.step (http://localhost:5181/tarron/dwarfstead/node_modules/.vite/deps/phaser.js?v=964b499d:9079:26)
TypeError: labels.removeAll is not a function
    at drawWaterDebug (http://localhost:5181/tarron/dwarfstead/src/renderer/draw/waterDebug.ts?t=1774837791205:12:10)
    at WaterTestScene.redraw (http://localhost:5181/tarron/dwarfstead/src/renderer/scenes/WaterTestScene.ts?t=1774837803763:280:5)
    at WaterTestScene.create (http://localhost:5181/tarron/dwarfstead/src/renderer/scenes/WaterTestScene.ts?t=1774837803763:138:10)
    at SceneManager2.create (http://localhost:5181/tarron/dwarfstead/node_modules/.vite/deps/phaser.js?v=964b499d:110814:36)
    at SceneManager2.bootScene (http://localhost:5181/tarron/dwarfstead/node_modules/.vite/deps/phaser.js?v=964b499d:110730:28)
    at SceneManager2.start (http://localhost:5181/tarron/dwarfstead/node_modules/.vite/deps/phaser.js?v=964b499d:111272:26)
    at SceneManager2.processQueue (http://localhost:5181/tarron/dwarfstead/node_modules/.vite/deps/phaser.js?v=964b499d:110591:37)
    at SceneManager2.update (http://localhost:5181/tarron/dwarfstead/node_modules/.vite/deps/phaser.js?v=964b499d:110769:26)
    at Game2.step (http://localhost:5181/tarron/dwarfstead/node_modules/.vite/deps/phaser.js?v=964b499d:8625:32)
    at TimeStep2.step (http://localhost:5181/tarron/dwarfstead/node_modules/.vite/deps/phaser.js?v=964b499d:9079:26)
TypeError: labels.removeAll is not a function
    at drawWaterDebug (http://localhost:5181/tarron/dwarfstead/src/renderer/draw/waterDebug.ts?t=1774837817886:10:10)
    at WaterTestScene.redraw (http://localhost:5181/tarron/dwarfstead/src/renderer/scenes/WaterTestScene.ts?t=1774837933583:280:5)
    at WaterTestScene.create (http://localhost:5181/tarron/dwarfstead/src/renderer/scenes/WaterTestScene.ts?t=1774837933583:138:10)
    at SceneManager2.create (http://localhost:5181/tarron/dwarfstead/node_modules/.vite/deps/phaser.js?v=964b499d:110814:36)
    at SceneManager2.bootScene (http://localhost:5181/tarron/dwarfstead/node_modules/.vite/deps/phaser.js?v=964b499d:110730:28)
    at SceneManager2.start (http://localhost:5181/tarron/dwarfstead/node_modules/.vite/deps/phaser.js?v=964b499d:111272:26)
    at SceneManager2.processQueue (http://localhost:5181/tarron/dwarfstead/node_modules/.vite/deps/phaser.js?v=964b499d:110591:37)
    at SceneManager2.update (http://localhost:5181/tarron/dwarfstead/node_modules/.vite/deps/phaser.js?v=964b499d:110769:26)
    at Game2.step (http://localhost:5181/tarron/dwarfstead/node_modules/.vite/deps/phaser.js?v=964b499d:8625:32)
    at TimeStep2.step (http://localhost:5181/tarron/dwarfstead/node_modules/.vite/deps/phaser.js?v=964b499d:9079:26)
TypeError: state.waterLayers is not iterable
    at drawWaterDebug (http://localhost:5181/tarron/dwarfstead/src/renderer/draw/waterDebug.ts?t=1774837946249:11:29)
    at WaterTestScene.redraw (http://localhost:5181/tarron/dwarfstead/src/renderer/scenes/WaterTestScene.ts?t=1774837946249:280:5)
    at WaterTestScene.create (http://localhost:5181/tarron/dwarfstead/src/renderer/scenes/WaterTestScene.ts?t=1774837946249:138:10)
    at SceneManager2.create (http://localhost:5181/tarron/dwarfstead/node_modules/.vite/deps/phaser.js?v=964b499d:110814:36)
    at SceneManager2.bootScene (http://localhost:5181/tarron/dwarfstead/node_modules/.vite/deps/phaser.js?v=964b499d:110730:28)
    at SceneManager2.start (http://localhost:5181/tarron/dwarfstead/node_modules/.vite/deps/phaser.js?v=964b499d:111272:26)
    at SceneManager2.processQueue (http://localhost:5181/tarron/dwarfstead/node_modules/.vite/deps/phaser.js?v=964b499d:110591:37)
    at SceneManager2.update (http://localhost:5181/tarron/dwarfstead/node_modules/.vite/deps/phaser.js?v=964b499d:110769:26)
    at Game2.step (http://localhost:5181/tarron/dwarfstead/node_modules/.vite/deps/phaser.js?v=964b499d:8625:32)
    at TimeStep2.step (http://localhost:5181/tarron/dwarfstead/node_modules/.vite/deps/phaser.js?v=964b499d:9079:26)